mode: set
github.com/ArmanurRahman/booking/internal/handlers/handler.go:34.63,39.2 1 0
github.com/ArmanurRahman/booking/internal/handlers/handler.go:42.51,47.2 1 1
github.com/ArmanurRahman/booking/internal/handlers/handler.go:50.33,52.2 1 1
github.com/ArmanurRahman/booking/internal/handlers/handler.go:54.67,63.2 1 1
github.com/ArmanurRahman/booking/internal/handlers/handler.go:65.68,69.2 1 1
github.com/ArmanurRahman/booking/internal/handlers/handler.go:71.70,73.2 1 1
github.com/ArmanurRahman/booking/internal/handlers/handler.go:75.71,77.2 1 1
github.com/ArmanurRahman/booking/internal/handlers/handler.go:79.69,81.2 1 1
github.com/ArmanurRahman/booking/internal/handlers/handler.go:84.74,87.9 2 1
github.com/ArmanurRahman/booking/internal/handlers/handler.go:93.2,95.16 2 1
github.com/ArmanurRahman/booking/internal/handlers/handler.go:101.2,117.4 10 1
github.com/ArmanurRahman/booking/internal/handlers/handler.go:87.9,91.3 3 1
github.com/ArmanurRahman/booking/internal/handlers/handler.go:95.16,99.3 3 1
github.com/ArmanurRahman/booking/internal/handlers/handler.go:121.78,125.9 2 1
github.com/ArmanurRahman/booking/internal/handlers/handler.go:130.2,132.16 2 1
github.com/ArmanurRahman/booking/internal/handlers/handler.go:138.2,181.19 9 1
github.com/ArmanurRahman/booking/internal/handlers/handler.go:191.2,192.16 2 1
github.com/ArmanurRahman/booking/internal/handlers/handler.go:198.2,207.16 3 1
github.com/ArmanurRahman/booking/internal/handlers/handler.go:213.2,215.66 2 1
github.com/ArmanurRahman/booking/internal/handlers/handler.go:125.9,129.3 3 1
github.com/ArmanurRahman/booking/internal/handlers/handler.go:132.16,136.3 3 1
github.com/ArmanurRahman/booking/internal/handlers/handler.go:181.19,189.3 4 0
github.com/ArmanurRahman/booking/internal/handlers/handler.go:192.16,196.3 3 0
github.com/ArmanurRahman/booking/internal/handlers/handler.go:207.16,211.3 3 0
github.com/ArmanurRahman/booking/internal/handlers/handler.go:218.75,220.2 1 1
github.com/ArmanurRahman/booking/internal/handlers/handler.go:222.79,228.16 5 0
github.com/ArmanurRahman/booking/internal/handlers/handler.go:232.2,233.16 2 0
github.com/ArmanurRahman/booking/internal/handlers/handler.go:238.2,240.21 2 0
github.com/ArmanurRahman/booking/internal/handlers/handler.go:247.2,258.4 5 0
github.com/ArmanurRahman/booking/internal/handlers/handler.go:228.16,231.3 2 0
github.com/ArmanurRahman/booking/internal/handlers/handler.go:233.16,236.3 2 0
github.com/ArmanurRahman/booking/internal/handlers/handler.go:240.21,245.3 3 0
github.com/ArmanurRahman/booking/internal/handlers/handler.go:269.79,289.16 10 0
github.com/ArmanurRahman/booking/internal/handlers/handler.go:294.2,295.14 2 0
github.com/ArmanurRahman/booking/internal/handlers/handler.go:289.16,292.3 2 0
github.com/ArmanurRahman/booking/internal/handlers/handler.go:298.81,300.9 2 0
github.com/ArmanurRahman/booking/internal/handlers/handler.go:307.2,317.4 7 0
github.com/ArmanurRahman/booking/internal/handlers/handler.go:300.9,305.3 4 0
github.com/ArmanurRahman/booking/internal/handlers/handler.go:320.73,323.16 2 0
github.com/ArmanurRahman/booking/internal/handlers/handler.go:328.2,329.9 2 0
github.com/ArmanurRahman/booking/internal/handlers/handler.go:333.2,335.63 3 0
github.com/ArmanurRahman/booking/internal/handlers/handler.go:323.16,326.3 2 0
github.com/ArmanurRahman/booking/internal/handlers/handler.go:329.9,332.3 2 0
github.com/ArmanurRahman/booking/internal/handlers/handler.go:338.71,357.2 12 0
